<html>
<head>
<title>TestNG:  runner</title>
<link href="../testng.css" rel="stylesheet" type="text/css" />
<link href="../my-testng.css" rel="stylesheet" type="text/css" />

<style type="text/css">
.log { display: none;} 
.stack-trace { display: none;} 
</style>
<script type="text/javascript">
<!--
function flip(e) {
  current = e.style.display;
  if (current == 'block') {
    e.style.display = 'none';
    return 0;
  }
  else {
    e.style.display = 'block';
    return 1;
  }
}

function toggleBox(szDivId, elem, msg1, msg2)
{
  var res = -1;  if (document.getElementById) {
    res = flip(document.getElementById(szDivId));
  }
  else if (document.all) {
    // this is the way old msie versions work
    res = flip(document.all[szDivId]);
  }
  if(elem) {
    if(res == 0) elem.innerHTML = msg1; else elem.innerHTML = msg2;
  }

}

function toggleAllBoxes() {
  if (document.getElementsByTagName) {
    d = document.getElementsByTagName('div');
    for (i = 0; i < d.length; i++) {
      if (d[i].className == 'log') {
        flip(d[i]);
      }
    }
  }
}

// -->
</script>

</head>
<body>
<h2 align='center'>runner</h2><table border='1' align="center">
<tr>
<td>Tests passed/Failed/Skipped:</td><td>9/0/1</td>
</tr><tr>
<td>Started on:</td><td>Sun Sep 26 09:20:27 IST 2021</td>
</tr>
<tr><td>Total time:</td><td>164 seconds (164104 ms)</td>
</tr><tr>
<td>Included groups:</td><td></td>
</tr><tr>
<td>Excluded groups:</td><td></td>
</tr>
</table><p/>
<small><i>(Hover the method name to see the test class name)</i></small><p/>
<table width='100%' border='1' class='invocation-passed'>
<tr><td colspan='4' align='center'><b>PASSED TESTS</b></td></tr>
<tr><td><b>Test method</b></td>
<td width="30%"><b>Exception</b></td>
<td width="10%"><b>Time (seconds)</b></td>
<td><b>Instance</b></td>
</tr>
<tr>
<td title='com.cucumber_comprensive_assessment.Runner.Runner.runScenario()'><b>runScenario</b><br>Test class: com.cucumber_comprensive_assessment.Runner.Runner<br>Test method: Runs Cucumber Scenarios<br>Parameters: "Bulkcart", "furniture"<br/>
<a href="#Output-888611662" onClick='toggleBox("Output-888611662", this, "Show output", "Hide output");'>Show output</a>

<a href="#Output-888611662" onClick="toggleAllBoxes();">Show all outputs</a>
<div class='log' id="Output-888611662">
<div "result">intilize driver is done (PASSED : 1s)</div><br/>
<div "result">url is to be set (PASSED : 23s)</div><br/>
<div "result">click on bulkorders (PASSED : 10s)</div><br/>
<div "result">click on buy bulk (PASSED : 4s)</div><br/>
<div "result">set the driver as null (PASSED : 0s)</div><br/>
</div>
</td>
<td></td>
<td>39</td>
<td>com.cucumber_comprensive_assessment.Runner.Runner@4b952a2d</td></tr>
<tr>
<td title='com.cucumber_comprensive_assessment.Runner.Runner.runScenario()'><b>runScenario</b><br>Test class: com.cucumber_comprensive_assessment.Runner.Runner<br>Test method: Runs Cucumber Scenarios<br>Parameters: "cart opertions", "Furniture"<br/>
<a href="#Output-1839206329" onClick='toggleBox("Output-1839206329", this, "Show output", "Hide output");'>Show output</a>

<a href="#Output-1839206329" onClick="toggleAllBoxes();">Show all outputs</a>
<div class='log' id="Output-1839206329">
<div "result">driver is intilized (PASSED : 1s)</div><br/>
<div "result">hit url (PASSED : 8s)</div><br/>
<div "result">click on cart (PASSED : 2s)</div><br/>
<div "result">click on continue shopping button (PASSED : 1s)</div><br/>
<div "result">change driver to close state (PASSED : 4s)</div><br/>
</div>
</td>
<td></td>
<td>16</td>
<td>com.cucumber_comprensive_assessment.Runner.Runner@4b952a2d</td></tr>
<tr>
<td title='com.cucumber_comprensive_assessment.Runner.Runner.runScenario()'><b>runScenario</b><br>Test class: com.cucumber_comprensive_assessment.Runner.Runner<br>Test method: Runs Cucumber Scenarios<br>Parameters: "search products", "Furniture"<br/>
<a href="#Output-1535026957" onClick='toggleBox("Output-1535026957", this, "Show output", "Hide output");'>Show output</a>

<a href="#Output-1535026957" onClick="toggleAllBoxes();">Show all outputs</a>
<div class='log' id="Output-1535026957">
<div "result">intilize the browser (PASSED : 1s)</div><br/>
<div "result">navigate to furniture website (PASSED : 6s)</div><br/>
<div "result">click on search tab and give the beds (PASSED : 2s)</div><br/>
<div "result">close the browser (PASSED : 0s)</div><br/>
</div>
</td>
<td></td>
<td>10</td>
<td>com.cucumber_comprensive_assessment.Runner.Runner@4b952a2d</td></tr>
<tr>
<td title='com.cucumber_comprensive_assessment.Runner.Runner.runScenario()'><b>runScenario</b><br>Test class: com.cucumber_comprensive_assessment.Runner.Runner<br>Test method: Runs Cucumber Scenarios<br>Parameters: "search products", "Furniture"<br/>
<a href="#Output-1650332494" onClick='toggleBox("Output-1650332494", this, "Show output", "Hide output");'>Show output</a>

<a href="#Output-1650332494" onClick="toggleAllBoxes();">Show all outputs</a>
<div class='log' id="Output-1650332494">
<div "result">intilize the browser (PASSED : 1s)</div><br/>
<div "result">navigate to furniture website (PASSED : 7s)</div><br/>
<div "result">click on search tab and give the study tables (PASSED : 4s)</div><br/>
<div "result">close the browser (PASSED : 0s)</div><br/>
</div>
</td>
<td></td>
<td>13</td>
<td>com.cucumber_comprensive_assessment.Runner.Runner@4b952a2d</td></tr>
<tr>
<td title='com.cucumber_comprensive_assessment.Runner.Runner.runScenario()'><b>runScenario</b><br>Test class: com.cucumber_comprensive_assessment.Runner.Runner<br>Test method: Runs Cucumber Scenarios<br>Parameters: "login", "furniture"<br/>
<a href="#Output-2016038911" onClick='toggleBox("Output-2016038911", this, "Show output", "Hide output");'>Show output</a>

<a href="#Output-2016038911" onClick="toggleAllBoxes();">Show all outputs</a>
<div class='log' id="Output-2016038911">
<div "result">driver is set (PASSED : 1s)</div><br/>
<div "result">send the url (PASSED : 5s)</div><br/>
<div "result">click on tractorder (PASSED : 6s)</div><br/>
<div "result">click on login button (PASSED : 1s)</div><br/>
<div "result">give emailaddress as &quot;anushaandhavarapu2@gmail.com&quot; and password as &quot;Anusha@123&quot; (PASSED : 0s)</div><br/>
<div "result">click on submit button (PASSED : 1s)</div><br/>
<div "result">close driver tab (PASSED : 4s)</div><br/>
</div>
</td>
<td></td>
<td>21</td>
<td>com.cucumber_comprensive_assessment.Runner.Runner@4b952a2d</td></tr>
<tr>
<td title='com.cucumber_comprensive_assessment.Runner.Runner.runScenario()'><b>runScenario</b><br>Test class: com.cucumber_comprensive_assessment.Runner.Runner<br>Test method: Runs Cucumber Scenarios<br>Parameters: "signup", "furniture"<br/>
<a href="#Output-1725054538" onClick='toggleBox("Output-1725054538", this, "Show output", "Hide output");'>Show output</a>

<a href="#Output-1725054538" onClick="toggleAllBoxes();">Show all outputs</a>
<div class='log' id="Output-1725054538">
<div "result">setting driver (PASSED : 1s)</div><br/>
<div "result">setting the url; (PASSED : 5s)</div><br/>
<div "result">tab on trackorder (PASSED : 7s)</div><br/>
<div "result">tab on loginbutton (PASSED : 1s)</div><br/>
<div "result">tab on signup (PASSED : 0s)</div><br/>
<div "result">send the email as &quot;anushaandhavarapu2@gmail.com&quot; and password as &quot;Anusha@123&quot; (PASSED : 0s)</div><br/>
<div "result">tab on submit button (PASSED : 0s)</div><br/>
<div "result">closing the driver (PASSED : 0s)</div><br/>
</div>
</td>
<td></td>
<td>16</td>
<td>com.cucumber_comprensive_assessment.Runner.Runner@4b952a2d</td></tr>
<tr>
<td title='com.cucumber_comprensive_assessment.Runner.Runner.runScenario()'><b>runScenario</b><br>Test class: com.cucumber_comprensive_assessment.Runner.Runner<br>Test method: Runs Cucumber Scenarios<br>Parameters: "validation", "furniture"<br/>
<a href="#Output-1053744929" onClick='toggleBox("Output-1053744929", this, "Show output", "Hide output");'>Show output</a>

<a href="#Output-1053744929" onClick="toggleAllBoxes();">Show all outputs</a>
<div class='log' id="Output-1053744929">
<div "result">driver intilization (PASSED : 1s)</div><br/>
<div "result">url sending to browser (PASSED : 5s)</div><br/>
<div "result">click on all nav items (PASSED : 0s)</div><br/>
<div "result">close the driver set it to null (PASSED : 0s)</div><br/>
</div>
</td>
<td></td>
<td>7</td>
<td>com.cucumber_comprensive_assessment.Runner.Runner@4b952a2d</td></tr>
<tr>
<td title='com.cucumber_comprensive_assessment.Runner.Runner.runScenario()'><b>runScenario</b><br>Test class: com.cucumber_comprensive_assessment.Runner.Runner<br>Test method: Runs Cucumber Scenarios<br>Parameters: "payment", "furniture"<br/>
<a href="#Output-2002097394" onClick='toggleBox("Output-2002097394", this, "Show output", "Hide output");'>Show output</a>

<a href="#Output-2002097394" onClick="toggleAllBoxes();">Show all outputs</a>
<div class='log' id="Output-2002097394">
<div "result">first we intilize driver (PASSED : 1s)</div><br/>
<div "result">we should send url (PASSED : 5s)</div><br/>
<div "result">read all the payment modes (PASSED : 0s)</div><br/>
<div "result">shut down the driver (PASSED : 0s)</div><br/>
</div>
</td>
<td></td>
<td>7</td>
<td>com.cucumber_comprensive_assessment.Runner.Runner@4b952a2d</td></tr>
<tr>
<td title='com.cucumber_comprensive_assessment.Runner.Runner.runScenario()'><b>runScenario</b><br>Test class: com.cucumber_comprensive_assessment.Runner.Runner<br>Test method: Runs Cucumber Scenarios<br>Parameters: "popular products", "Furniture"<br/>
<a href="#Output-884604029" onClick='toggleBox("Output-884604029", this, "Show output", "Hide output");'>Show output</a>

<a href="#Output-884604029" onClick="toggleAllBoxes();">Show all outputs</a>
<div class='log' id="Output-884604029">
<div "result">driver gets intilized (PASSED : 1s)</div><br/>
<div "result">send the url to browser (PASSED : 6s)</div><br/>
<div "result">click on about us (PASSED : 2s)</div><br/>
<div "result">read the text from the page (PASSED : 0s)</div><br/>
<div "result">exit the driver (PASSED : 0s)</div><br/>
</div>
</td>
<td></td>
<td>10</td>
<td>com.cucumber_comprensive_assessment.Runner.Runner@4b952a2d</td></tr>
</table><p>
<table width='100%' border='1' class='invocation-skipped'>
<tr><td colspan='4' align='center'><b>SKIPPED TESTS</b></td></tr>
<tr><td><b>Test method</b></td>
<td width="30%"><b>Exception</b></td>
<td width="10%"><b>Time (seconds)</b></td>
<td><b>Instance</b></td>
</tr>
<tr>
<td title='com.cucumber_comprensive_assessment.Runner.Runner.runScenario()'><b>runScenario</b><br>Test class: com.cucumber_comprensive_assessment.Runner.Runner<br>Test method: Runs Cucumber Scenarios<br>Parameters: "appcheck", "furniture"<br/>
<a href="#Output-948115224" onClick='toggleBox("Output-948115224", this, "Show output", "Hide output");'>Show output</a>

<a href="#Output-948115224" onClick="toggleAllBoxes();">Show all outputs</a>
<div class='log' id="Output-948115224">
<div "result">driver (PASSED : 2s)</div><br/>
<div "result">url (PASSED : 18s)</div><br/>
<div "result">click on appstore (FAILED : 0s)</div><br/>
<div "result">read the rating (SKIPPED)</div><br/>
<div "result">close (SKIPPED)</div><br/>
</div>
</td>
<td><div><pre>org.openqa.selenium.ElementNotInteractableException: element not interactable
  (Session info: chrome=93.0.4577.82)
Build info: version: &apos;3.141.59&apos;, revision: &apos;e82be7d358&apos;, time: &apos;2018-11-14T08:17:03&apos;
System info: host: &apos;LAPTOP-DGUP2R51&apos;, ip: &apos;192.168.43.240&apos;, os.name: &apos;Windows 10&apos;, os.arch: &apos;amd64&apos;, os.version: &apos;10.0&apos;, java.version: &apos;1.8.0-262&apos;
Driver info: org.openqa.selenium.chrome.ChromeDriver
Capabilities {acceptInsecureCerts: false, browserName: chrome, browserVersion: 93.0.4577.82, chrome: {chromedriverVersion: 92.0.4515.107 (87a818b10553..., userDataDir: C:\Users\91933\AppData\Loca...}, goog:chromeOptions: {debuggerAddress: localhost:56296}, javascriptEnabled: true, networkConnectionEnabled: false, pageLoadStrategy: normal, platform: WINDOWS, platformName: WINDOWS, proxy: Proxy(), setWindowRect: true, strictFileInteractability: false, timeouts: {implicit: 0, pageLoad: 300000, script: 30000}, unhandledPromptBehavior: dismiss and notify, webauthn:extension:credBlob: true, webauthn:extension:largeBlob: true, webauthn:virtualAuthenticators: true}
Session ID: 9b8c552323e08fe702baf6a9d68400e3
	at org.openqa.selenium.remote.http.W3CHttpResponseCodec.createException(W3CHttpResponseCodec.java:187)
	at org.openqa.selenium.remote.http.W3CHttpResponseCodec.decode(W3CHttpResponseCodec.java:122)
	at org.openqa.selenium.remote.http.W3CHttpResponseCodec.decode(W3CHttpResponseCodec.java:49)
	at org.openqa.selenium.remote.HttpCommandExecutor.execute(HttpCommandExecutor.java:158)
	at org.openqa.selenium.remote.service.DriverCommandExecutor.execute(DriverCommandExecutor.java:83)
	at org.openqa.selenium.remote.RemoteWebDriver.execute(RemoteWebDriver.java:552)
	at org.openqa.selenium.remote.RemoteWebElement.execute(RemoteWebElement.java:285)
	at org.openqa.selenium.remote.RemoteWebElement.click(RemoteWebElement.java:84)
	at com.cucumber_comprensive_assessment.StepDefination.StepDefinationdownloadapp.click_on_appstore(StepDefinationdownloadapp.java:33)
	at ?.click on appstore(src/test/resources/feature/ADownloadapp.feature:6)
... Removed 4 stack frames</pre></div><a href='#' onClick='toggleBox("stack-trace948115224", this, "Click to show all stack frames", "Click to hide stack frames")'>Click to show all stack frames</a>
<div class='stack-trace' id='stack-trace948115224'><pre>org.openqa.selenium.ElementNotInteractableException: element not interactable
  (Session info: chrome=93.0.4577.82)
Build info: version: &apos;3.141.59&apos;, revision: &apos;e82be7d358&apos;, time: &apos;2018-11-14T08:17:03&apos;
System info: host: &apos;LAPTOP-DGUP2R51&apos;, ip: &apos;192.168.43.240&apos;, os.name: &apos;Windows 10&apos;, os.arch: &apos;amd64&apos;, os.version: &apos;10.0&apos;, java.version: &apos;1.8.0-262&apos;
Driver info: org.openqa.selenium.chrome.ChromeDriver
Capabilities {acceptInsecureCerts: false, browserName: chrome, browserVersion: 93.0.4577.82, chrome: {chromedriverVersion: 92.0.4515.107 (87a818b10553..., userDataDir: C:\Users\91933\AppData\Loca...}, goog:chromeOptions: {debuggerAddress: localhost:56296}, javascriptEnabled: true, networkConnectionEnabled: false, pageLoadStrategy: normal, platform: WINDOWS, platformName: WINDOWS, proxy: Proxy(), setWindowRect: true, strictFileInteractability: false, timeouts: {implicit: 0, pageLoad: 300000, script: 30000}, unhandledPromptBehavior: dismiss and notify, webauthn:extension:credBlob: true, webauthn:extension:largeBlob: true, webauthn:virtualAuthenticators: true}
Session ID: 9b8c552323e08fe702baf6a9d68400e3
	at sun.reflect.NativeConstructorAccessorImpl.newInstance0(Native Method)
	at sun.reflect.NativeConstructorAccessorImpl.newInstance(NativeConstructorAccessorImpl.java:62)
	at sun.reflect.DelegatingConstructorAccessorImpl.newInstance(DelegatingConstructorAccessorImpl.java:45)
	at java.lang.reflect.Constructor.newInstance(Constructor.java:423)
	at org.openqa.selenium.remote.http.W3CHttpResponseCodec.createException(W3CHttpResponseCodec.java:187)
	at org.openqa.selenium.remote.http.W3CHttpResponseCodec.decode(W3CHttpResponseCodec.java:122)
	at org.openqa.selenium.remote.http.W3CHttpResponseCodec.decode(W3CHttpResponseCodec.java:49)
	at org.openqa.selenium.remote.HttpCommandExecutor.execute(HttpCommandExecutor.java:158)
	at org.openqa.selenium.remote.service.DriverCommandExecutor.execute(DriverCommandExecutor.java:83)
	at org.openqa.selenium.remote.RemoteWebDriver.execute(RemoteWebDriver.java:552)
	at org.openqa.selenium.remote.RemoteWebElement.execute(RemoteWebElement.java:285)
	at org.openqa.selenium.remote.RemoteWebElement.click(RemoteWebElement.java:84)
	at com.cucumber_comprensive_assessment.StepDefination.StepDefinationdownloadapp.click_on_appstore(StepDefinationdownloadapp.java:33)
	at ?.click on appstore(src/test/resources/feature/ADownloadapp.feature:6)
</pre></div></td>
<td>21</td>
<td>com.cucumber_comprensive_assessment.Runner.Runner@4b952a2d</td></tr>
</table><p>
</body>
</html>